mode: atomic
github.com/l8s/l8s/pkg/git/remote.go:13.63,15.47 1 3
github.com/l8s/l8s/pkg/git/remote.go:15.47,17.3 1 1
github.com/l8s/l8s/pkg/git/remote.go:20.2,21.53 2 2
github.com/l8s/l8s/pkg/git/remote.go:21.53,23.3 1 0
github.com/l8s/l8s/pkg/git/remote.go:26.2,27.18 2 2
github.com/l8s/l8s/pkg/git/remote.go:27.18,29.3 1 2
github.com/l8s/l8s/pkg/git/remote.go:30.2,35.16 4 2
github.com/l8s/l8s/pkg/git/remote.go:35.16,37.3 1 1
github.com/l8s/l8s/pkg/git/remote.go:39.2,39.12 1 1
github.com/l8s/l8s/pkg/git/remote.go:43.62,45.76 1 4
github.com/l8s/l8s/pkg/git/remote.go:45.76,47.3 1 0
github.com/l8s/l8s/pkg/git/remote.go:50.2,51.16 2 4
github.com/l8s/l8s/pkg/git/remote.go:51.16,53.3 1 0
github.com/l8s/l8s/pkg/git/remote.go:54.2,54.46 1 4
github.com/l8s/l8s/pkg/git/remote.go:54.46,56.3 1 1
github.com/l8s/l8s/pkg/git/remote.go:59.2,62.16 4 3
github.com/l8s/l8s/pkg/git/remote.go:62.16,64.3 1 1
github.com/l8s/l8s/pkg/git/remote.go:66.2,66.12 1 2
github.com/l8s/l8s/pkg/git/remote.go:70.54,72.76 1 3
github.com/l8s/l8s/pkg/git/remote.go:72.76,74.3 1 0
github.com/l8s/l8s/pkg/git/remote.go:77.2,78.16 2 3
github.com/l8s/l8s/pkg/git/remote.go:78.16,80.3 1 0
github.com/l8s/l8s/pkg/git/remote.go:81.2,81.47 1 3
github.com/l8s/l8s/pkg/git/remote.go:81.47,83.3 1 2
github.com/l8s/l8s/pkg/git/remote.go:86.2,89.16 4 1
github.com/l8s/l8s/pkg/git/remote.go:89.16,91.3 1 0
github.com/l8s/l8s/pkg/git/remote.go:93.2,93.12 1 1
github.com/l8s/l8s/pkg/git/remote.go:97.61,99.76 1 5
github.com/l8s/l8s/pkg/git/remote.go:99.76,101.3 1 0
github.com/l8s/l8s/pkg/git/remote.go:104.2,107.16 4 5
github.com/l8s/l8s/pkg/git/remote.go:107.16,109.3 1 5
github.com/l8s/l8s/pkg/git/remote.go:111.2,111.12 1 0
github.com/l8s/l8s/pkg/git/remote.go:115.56,117.76 1 2
github.com/l8s/l8s/pkg/git/remote.go:117.76,119.3 1 1
github.com/l8s/l8s/pkg/git/remote.go:122.2,125.16 4 1
github.com/l8s/l8s/pkg/git/remote.go:125.16,127.3 1 0
github.com/l8s/l8s/pkg/git/remote.go:129.2,130.18 2 1
github.com/l8s/l8s/pkg/git/remote.go:130.18,132.3 1 0
github.com/l8s/l8s/pkg/git/remote.go:134.2,134.20 1 1
github.com/l8s/l8s/pkg/git/remote.go:138.62,140.76 1 10
github.com/l8s/l8s/pkg/git/remote.go:140.76,142.3 1 0
github.com/l8s/l8s/pkg/git/remote.go:145.2,148.16 4 10
github.com/l8s/l8s/pkg/git/remote.go:148.16,150.3 1 0
github.com/l8s/l8s/pkg/git/remote.go:153.2,155.29 3 10
github.com/l8s/l8s/pkg/git/remote.go:155.29,157.17 2 22
github.com/l8s/l8s/pkg/git/remote.go:157.17,158.12 1 10
github.com/l8s/l8s/pkg/git/remote.go:162.3,163.22 2 12
github.com/l8s/l8s/pkg/git/remote.go:163.22,167.49 3 12
github.com/l8s/l8s/pkg/git/remote.go:167.49,169.5 1 6
github.com/l8s/l8s/pkg/git/remote.go:173.2,173.21 1 10
github.com/l8s/l8s/pkg/git/remote.go:177.42,178.18 1 12
github.com/l8s/l8s/pkg/git/remote.go:178.18,180.3 1 1
github.com/l8s/l8s/pkg/git/remote.go:183.2,184.16 2 11
github.com/l8s/l8s/pkg/git/remote.go:184.16,186.3 1 1
github.com/l8s/l8s/pkg/git/remote.go:189.2,189.20 1 10
github.com/l8s/l8s/pkg/git/remote.go:189.20,191.3 1 3
github.com/l8s/l8s/pkg/git/remote.go:194.2,202.29 2 7
github.com/l8s/l8s/pkg/git/remote.go:202.29,204.3 1 0
github.com/l8s/l8s/pkg/git/remote.go:207.2,207.71 1 7
github.com/l8s/l8s/pkg/git/remote.go:207.71,210.57 2 0
github.com/l8s/l8s/pkg/git/remote.go:210.57,213.4 1 0
github.com/l8s/l8s/pkg/git/remote.go:216.2,216.12 1 7
github.com/l8s/l8s/pkg/git/remote.go:220.60,222.76 1 1
github.com/l8s/l8s/pkg/git/remote.go:222.76,224.3 1 0
github.com/l8s/l8s/pkg/git/remote.go:227.2,228.16 2 1
github.com/l8s/l8s/pkg/git/remote.go:228.16,230.3 1 0
github.com/l8s/l8s/pkg/git/remote.go:231.2,231.45 1 1
github.com/l8s/l8s/pkg/git/remote.go:231.45,233.3 1 0
github.com/l8s/l8s/pkg/git/remote.go:236.2,236.48 1 1
github.com/l8s/l8s/pkg/git/remote.go:240.101,243.39 1 3
github.com/l8s/l8s/pkg/git/remote.go:243.39,245.3 1 0
github.com/l8s/l8s/pkg/git/remote.go:246.2,246.58 1 3
github.com/l8s/l8s/pkg/config/config.go:22.30,30.2 1 5
github.com/l8s/l8s/pkg/config/config.go:33.35,35.53 1 7
github.com/l8s/l8s/pkg/config/config.go:35.53,37.3 1 1
github.com/l8s/l8s/pkg/config/config.go:40.2,40.23 1 6
github.com/l8s/l8s/pkg/config/config.go:40.23,42.3 1 1
github.com/l8s/l8s/pkg/config/config.go:45.2,45.29 1 5
github.com/l8s/l8s/pkg/config/config.go:45.29,47.3 1 1
github.com/l8s/l8s/pkg/config/config.go:48.2,48.33 1 4
github.com/l8s/l8s/pkg/config/config.go:48.33,50.3 1 0
github.com/l8s/l8s/pkg/config/config.go:52.2,52.48 1 4
github.com/l8s/l8s/pkg/config/config.go:52.48,54.3 1 0
github.com/l8s/l8s/pkg/config/config.go:57.2,57.27 1 4
github.com/l8s/l8s/pkg/config/config.go:57.27,59.3 1 1
github.com/l8s/l8s/pkg/config/config.go:60.2,60.39 1 3
github.com/l8s/l8s/pkg/config/config.go:60.39,62.3 1 0
github.com/l8s/l8s/pkg/config/config.go:64.2,64.12 1 3
github.com/l8s/l8s/pkg/config/config.go:68.29,71.2 2 1
github.com/l8s/l8s/pkg/config/config.go:74.41,82.49 3 4
github.com/l8s/l8s/pkg/config/config.go:82.49,85.3 1 1
github.com/l8s/l8s/pkg/config/config.go:88.2,89.16 2 3
github.com/l8s/l8s/pkg/config/config.go:89.16,91.3 1 0
github.com/l8s/l8s/pkg/config/config.go:94.2,94.53 1 3
github.com/l8s/l8s/pkg/config/config.go:94.53,96.3 1 1
github.com/l8s/l8s/pkg/config/config.go:99.2,99.42 1 2
github.com/l8s/l8s/pkg/config/config.go:99.42,101.3 1 0
github.com/l8s/l8s/pkg/config/config.go:104.2,106.20 2 2
github.com/l8s/l8s/pkg/config/config.go:110.42,116.47 3 0
github.com/l8s/l8s/pkg/config/config.go:116.47,118.3 1 0
github.com/l8s/l8s/pkg/config/config.go:121.2,122.16 2 0
github.com/l8s/l8s/pkg/config/config.go:122.16,124.3 1 0
github.com/l8s/l8s/pkg/config/config.go:127.2,127.55 1 0
github.com/l8s/l8s/pkg/config/config.go:127.55,129.3 1 0
github.com/l8s/l8s/pkg/config/config.go:131.2,131.12 1 0
github.com/l8s/l8s/pkg/config/config.go:135.37,136.16 1 10
github.com/l8s/l8s/pkg/config/config.go:136.16,138.3 1 2
github.com/l8s/l8s/pkg/config/config.go:140.2,140.35 1 8
github.com/l8s/l8s/pkg/config/config.go:140.35,142.17 2 2
github.com/l8s/l8s/pkg/config/config.go:142.17,144.18 2 0
github.com/l8s/l8s/pkg/config/config.go:144.18,146.5 1 0
github.com/l8s/l8s/pkg/config/config.go:148.3,148.39 1 2
github.com/l8s/l8s/pkg/config/config.go:151.2,151.13 1 6
github.com/l8s/l8s/pkg/config/config.go:155.49,157.57 1 4
github.com/l8s/l8s/pkg/config/config.go:157.57,159.3 1 0
github.com/l8s/l8s/pkg/config/config.go:162.2,162.28 1 4
github.com/l8s/l8s/pkg/config/config.go:162.28,163.54 1 13
github.com/l8s/l8s/pkg/config/config.go:163.54,165.4 1 0
github.com/l8s/l8s/pkg/config/config.go:167.3,167.47 1 13
github.com/l8s/l8s/pkg/config/config.go:167.47,169.4 1 0
github.com/l8s/l8s/pkg/config/config.go:173.2,173.34 1 4
github.com/l8s/l8s/pkg/config/config.go:173.34,175.3 1 0
github.com/l8s/l8s/pkg/config/config.go:177.2,177.13 1 4
github.com/l8s/l8s/pkg/config/config.go:181.44,182.46 1 3
github.com/l8s/l8s/pkg/config/config.go:182.46,184.3 1 0
github.com/l8s/l8s/pkg/config/config.go:187.2,187.61 1 3
github.com/l8s/l8s/pkg/config/config.go:187.61,189.3 1 0
github.com/l8s/l8s/pkg/config/config.go:192.2,192.30 1 3
github.com/l8s/l8s/pkg/config/config.go:192.30,193.67 1 18
github.com/l8s/l8s/pkg/config/config.go:193.67,195.4 1 0
github.com/l8s/l8s/pkg/config/config.go:198.2,198.13 1 3
github.com/l8s/l8s/pkg/config/config.go:202.34,204.2 1 38
github.com/l8s/l8s/pkg/config/config.go:207.28,209.2 1 0
github.com/l8s/l8s/pkg/ssh/keys.go:14.49,16.35 1 6
github.com/l8s/l8s/pkg/ssh/keys.go:16.35,18.3 1 0
github.com/l8s/l8s/pkg/ssh/keys.go:20.2,21.16 2 6
github.com/l8s/l8s/pkg/ssh/keys.go:21.16,23.3 1 1
github.com/l8s/l8s/pkg/ssh/keys.go:25.2,26.15 2 5
github.com/l8s/l8s/pkg/ssh/keys.go:26.15,28.3 1 1
github.com/l8s/l8s/pkg/ssh/keys.go:30.2,30.17 1 4
github.com/l8s/l8s/pkg/ssh/keys.go:34.42,35.15 1 8
github.com/l8s/l8s/pkg/ssh/keys.go:35.15,37.3 1 1
github.com/l8s/l8s/pkg/ssh/keys.go:40.2,42.39 3 7
github.com/l8s/l8s/pkg/ssh/keys.go:42.39,43.41 1 23
github.com/l8s/l8s/pkg/ssh/keys.go:43.41,45.9 2 4
github.com/l8s/l8s/pkg/ssh/keys.go:49.2,49.21 1 7
github.com/l8s/l8s/pkg/ssh/keys.go:49.21,51.3 1 3
github.com/l8s/l8s/pkg/ssh/keys.go:54.2,55.20 2 4
github.com/l8s/l8s/pkg/ssh/keys.go:55.20,57.3 1 0
github.com/l8s/l8s/pkg/ssh/keys.go:59.2,59.12 1 4
github.com/l8s/l8s/pkg/ssh/keys.go:63.54,65.2 1 1
github.com/l8s/l8s/pkg/ssh/keys.go:68.101,71.50 2 4
github.com/l8s/l8s/pkg/ssh/keys.go:71.50,73.3 1 4
github.com/l8s/l8s/pkg/ssh/keys.go:75.2,81.38 1 4
github.com/l8s/l8s/pkg/ssh/keys.go:85.56,88.50 2 2
github.com/l8s/l8s/pkg/ssh/keys.go:88.50,90.3 1 0
github.com/l8s/l8s/pkg/ssh/keys.go:93.2,93.55 1 2
github.com/l8s/l8s/pkg/ssh/keys.go:93.55,94.68 1 1
github.com/l8s/l8s/pkg/ssh/keys.go:94.68,96.4 1 0
github.com/l8s/l8s/pkg/ssh/keys.go:100.2,101.16 2 2
github.com/l8s/l8s/pkg/ssh/keys.go:101.16,103.3 1 0
github.com/l8s/l8s/pkg/ssh/keys.go:106.2,106.82 1 2
github.com/l8s/l8s/pkg/ssh/keys.go:106.82,109.3 1 0
github.com/l8s/l8s/pkg/ssh/keys.go:112.2,113.16 2 2
github.com/l8s/l8s/pkg/ssh/keys.go:113.16,115.3 1 0
github.com/l8s/l8s/pkg/ssh/keys.go:116.2,119.57 2 2
github.com/l8s/l8s/pkg/ssh/keys.go:119.57,120.51 1 0
github.com/l8s/l8s/pkg/ssh/keys.go:120.51,122.4 1 0
github.com/l8s/l8s/pkg/ssh/keys.go:125.2,125.51 1 2
github.com/l8s/l8s/pkg/ssh/keys.go:125.51,127.3 1 0
github.com/l8s/l8s/pkg/ssh/keys.go:129.2,129.12 1 2
github.com/l8s/l8s/pkg/ssh/keys.go:133.67,135.55 1 1
github.com/l8s/l8s/pkg/ssh/keys.go:135.55,138.3 1 0
github.com/l8s/l8s/pkg/ssh/keys.go:141.2,142.16 2 1
github.com/l8s/l8s/pkg/ssh/keys.go:142.16,144.3 1 0
github.com/l8s/l8s/pkg/ssh/keys.go:145.2,151.21 5 1
github.com/l8s/l8s/pkg/ssh/keys.go:151.21,156.46 3 13
github.com/l8s/l8s/pkg/ssh/keys.go:156.46,158.33 2 2
github.com/l8s/l8s/pkg/ssh/keys.go:158.33,160.13 2 1
github.com/l8s/l8s/pkg/ssh/keys.go:161.10,163.5 1 1
github.com/l8s/l8s/pkg/ssh/keys.go:167.3,167.153 1 12
github.com/l8s/l8s/pkg/ssh/keys.go:167.153,169.4 1 0
github.com/l8s/l8s/pkg/ssh/keys.go:172.3,172.20 1 12
github.com/l8s/l8s/pkg/ssh/keys.go:172.20,174.4 1 5
github.com/l8s/l8s/pkg/ssh/keys.go:177.2,177.38 1 1
github.com/l8s/l8s/pkg/ssh/keys.go:177.38,179.3 1 0
github.com/l8s/l8s/pkg/ssh/keys.go:182.2,183.49 2 1
github.com/l8s/l8s/pkg/ssh/keys.go:183.49,185.3 1 1
github.com/l8s/l8s/pkg/ssh/keys.go:187.2,187.72 1 1
github.com/l8s/l8s/pkg/ssh/keys.go:187.72,189.3 1 0
github.com/l8s/l8s/pkg/ssh/keys.go:191.2,191.12 1 1
github.com/l8s/l8s/pkg/ssh/keys.go:195.41,207.35 4 2
github.com/l8s/l8s/pkg/ssh/keys.go:207.35,209.45 2 5
github.com/l8s/l8s/pkg/ssh/keys.go:209.45,211.51 2 1
github.com/l8s/l8s/pkg/ssh/keys.go:211.51,213.5 1 1
github.com/l8s/l8s/pkg/ssh/keys.go:217.2,217.64 1 1
github.com/l8s/l8s/pkg/ssh/keys.go:221.37,224.16 2 1
github.com/l8s/l8s/pkg/ssh/keys.go:224.16,226.3 1 0
github.com/l8s/l8s/pkg/ssh/keys.go:227.2,231.16 3 1
github.com/l8s/l8s/pkg/ssh/keys.go:231.16,234.3 2 0
github.com/l8s/l8s/pkg/ssh/keys.go:236.2,236.13 1 1
github.com/l8s/l8s/pkg/ssh/keys.go:240.26,242.16 2 2
github.com/l8s/l8s/pkg/ssh/keys.go:242.16,245.17 2 0
github.com/l8s/l8s/pkg/ssh/keys.go:245.17,247.4 1 0
github.com/l8s/l8s/pkg/ssh/keys.go:249.2,249.13 1 2
github.com/l8s/l8s/pkg/ssh/keys.go:253.59,256.21 2 0
github.com/l8s/l8s/pkg/ssh/keys.go:256.21,258.3 1 0
github.com/l8s/l8s/pkg/ssh/keys.go:260.2,261.43 2 0
github.com/l8s/l8s/pkg/ssh/keys.go:261.43,263.3 1 0
github.com/l8s/l8s/pkg/ssh/keys.go:265.2,268.67 2 0
github.com/l8s/l8s/pkg/ssh/keys.go:268.67,270.3 1 0
github.com/l8s/l8s/pkg/ssh/keys.go:273.2,273.45 1 0
